2026-07-02 03:22:36.674: [INFO] VisibilityChanged: 0
2026-07-02 03:22:36.802: [INFO] RecordSyncInitDuration has_sync_been_enabled: 0 state: 0
2026-07-02 03:22:36.803: [INFO] RecordSyncInitDuration has_sync_been_enabled: 0 state: 0
2026-07-02 03:22:36.805: [INFO] RecordSyncInitDuration has_sync_been_enabled: 0 state: 0
2026-07-02 03:22:36.807: [INFO] RecordSyncInitDuration has_sync_been_enabled: 0 state: 0
2026-07-02 03:22:36.809: [INFO] RecordSyncInitDuration has_sync_been_enabled: 0 state: 0
2026-07-02 03:22:36.810: [INFO] RecordSyncInitDuration has_sync_been_enabled: 0 state: 0
2026-07-02 03:22:36.812: [INFO] RecordSyncInitDuration has_sync_been_enabled: 0 state: 0
2026-07-02 03:22:36.814: [INFO] RecordSyncInitDuration has_sync_been_enabled: 0 state: 0
2026-07-02 03:22:36.816: [INFO] RecordSyncInitDuration has_sync_been_enabled: 0 state: 0
2026-07-02 03:22:36.817: [INFO] RecordSyncInitDuration has_sync_been_enabled: 0 state: 0
2026-07-02 03:22:36.819: [INFO] RecordSyncInitDuration has_sync_been_enabled: 0 state: 0
2026-07-02 03:22:36.834: [INFO] BookmarkNodeAdded, ABU: 0
2026-07-02 03:22:36.835: [INFO] BookmarkNodeAdded, ABU: 0
2026-07-02 03:22:36.836: [INFO] BookmarkNodeAdded, ABU: 0
2026-07-02 03:22:36.836: [INFO] BookmarkModelLoaded, ids_reassigned: 0
2026-07-02 03:22:36.836: [INFO] OnDoneLoading sync enabled: 0
2026-07-02 03:22:36.845: [INFO] RecordSyncInitDuration has_sync_been_enabled: 0 state: 0
2026-07-02 03:22:37.150: [INFO] BookmarkNodeAdded, ABU: 0
2026-07-02 03:22:37.151: [INFO] BookmarkNodeAdded, ABU: 0
